{"/home/patrick/Desktop/2020/NodeJS/Capstone/My-Portiforial-Server/app.js": {"path":"/home/patrick/Desktop/2020/NodeJS/Capstone/My-Portiforial-Server/app.js","statementMap":{"0":{"start":{"line":1,"column":0},"end":{"line":1,"column":23}},"1":{"start":{"line":2,"column":16},"end":{"line":2,"column":34}},"2":{"start":{"line":3,"column":12},"end":{"line":3,"column":21}},"3":{"start":{"line":4,"column":19},"end":{"line":4,"column":41}},"4":{"start":{"line":5,"column":20},"end":{"line":5,"column":52}},"5":{"start":{"line":6,"column":20},"end":{"line":6,"column":53}},"6":{"start":{"line":7,"column":22},"end":{"line":7,"column":59}},"7":{"start":{"line":8,"column":23},"end":{"line":8,"column":59}},"8":{"start":{"line":9,"column":13},"end":{"line":9,"column":28}},"9":{"start":{"line":10,"column":15},"end":{"line":10,"column":32}},"10":{"start":{"line":12,"column":0},"end":{"line":12,"column":24}},"11":{"start":{"line":13,"column":0},"end":{"line":13,"column":27}},"12":{"start":{"line":14,"column":0},"end":{"line":14,"column":48}},"13":{"start":{"line":15,"column":0},"end":{"line":15,"column":16}},"14":{"start":{"line":16,"column":0},"end":{"line":16,"column":23}},"15":{"start":{"line":17,"column":0},"end":{"line":19,"column":2}},"16":{"start":{"line":18,"column":4},"end":{"line":18,"column":52}},"17":{"start":{"line":20,"column":0},"end":{"line":20,"column":57}},"18":{"start":{"line":21,"column":0},"end":{"line":21,"column":34}},"19":{"start":{"line":22,"column":0},"end":{"line":22,"column":34}},"20":{"start":{"line":23,"column":0},"end":{"line":23,"column":40}},"21":{"start":{"line":24,"column":0},"end":{"line":24,"column":40}},"22":{"start":{"line":26,"column":0},"end":{"line":26,"column":20}}},"fnMap":{"0":{"name":"(anonymous_0)","decl":{"start":{"line":17,"column":12},"end":{"line":17,"column":13}},"loc":{"start":{"line":17,"column":23},"end":{"line":19,"column":1}},"line":17}},"branchMap":{},"s":{"0":2,"1":2,"2":2,"3":2,"4":2,"5":2,"6":2,"7":2,"8":2,"9":2,"10":2,"11":2,"12":2,"13":2,"14":2,"15":2,"16":1,"17":2,"18":2,"19":2,"20":2,"21":2,"22":2},"f":{"0":1},"b":{},"_coverageSchema":"1a1c01bbd47fc00a2c39e90264f33305004495a9","hash":"cdb597faedee80b658c790b133620c79e706ddea"}
,"/home/patrick/Desktop/2020/NodeJS/Capstone/My-Portiforial-Server/controllers/blogs.controller.js": {"path":"/home/patrick/Desktop/2020/NodeJS/Capstone/My-Portiforial-Server/controllers/blogs.controller.js","statementMap":{"0":{"start":{"line":1,"column":16},"end":{"line":1,"column":48}},"1":{"start":{"line":2,"column":22},"end":{"line":2,"column":46}},"2":{"start":{"line":3,"column":18},"end":{"line":3,"column":46}},"3":{"start":{"line":4,"column":10},"end":{"line":4,"column":27}},"4":{"start":{"line":5,"column":23},"end":{"line":5,"column":47}},"5":{"start":{"line":6,"column":20},"end":{"line":6,"column":56}},"6":{"start":{"line":7,"column":15},"end":{"line":7,"column":47}},"7":{"start":{"line":9,"column":15},"end":{"line":9,"column":32}},"8":{"start":{"line":11,"column":16},"end":{"line":18,"column":2}},"9":{"start":{"line":13,"column":8},"end":{"line":13,"column":39}},"10":{"start":{"line":16,"column":8},"end":{"line":16,"column":43}},"11":{"start":{"line":19,"column":15},"end":{"line":21,"column":23}},"12":{"start":{"line":23,"column":18},"end":{"line":23,"column":45}},"13":{"start":{"line":26,"column":0},"end":{"line":55,"column":1}},"14":{"start":{"line":27,"column":15},"end":{"line":27,"column":41}},"15":{"start":{"line":28,"column":18},"end":{"line":28,"column":28}},"16":{"start":{"line":30,"column":4},"end":{"line":30,"column":30}},"17":{"start":{"line":31,"column":4},"end":{"line":31,"column":35}},"18":{"start":{"line":32,"column":4},"end":{"line":32,"column":42}},"19":{"start":{"line":33,"column":4},"end":{"line":33,"column":39}},"20":{"start":{"line":35,"column":4},"end":{"line":54,"column":6}},"21":{"start":{"line":36,"column":8},"end":{"line":51,"column":10}},"22":{"start":{"line":37,"column":12},"end":{"line":50,"column":27}},"23":{"start":{"line":53,"column":8},"end":{"line":53,"column":35}},"24":{"start":{"line":57,"column":0},"end":{"line":83,"column":1}},"25":{"start":{"line":58,"column":18},"end":{"line":58,"column":40}},"26":{"start":{"line":59,"column":19},"end":{"line":59,"column":21}},"27":{"start":{"line":60,"column":4},"end":{"line":82,"column":6}},"28":{"start":{"line":61,"column":8},"end":{"line":81,"column":12}},"29":{"start":{"line":62,"column":12},"end":{"line":73,"column":14}},"30":{"start":{"line":74,"column":12},"end":{"line":80,"column":13}},"31":{"start":{"line":75,"column":16},"end":{"line":79,"column":30}},"32":{"start":{"line":85,"column":0},"end":{"line":103,"column":1}},"33":{"start":{"line":86,"column":4},"end":{"line":101,"column":6}},"34":{"start":{"line":87,"column":8},"end":{"line":100,"column":10}},"35":{"start":{"line":88,"column":12},"end":{"line":99,"column":26}},"36":{"start":{"line":105,"column":0},"end":{"line":156,"column":1}},"37":{"start":{"line":106,"column":16},"end":{"line":106,"column":36}},"38":{"start":{"line":108,"column":4},"end":{"line":117,"column":5}},"39":{"start":{"line":109,"column":8},"end":{"line":109,"column":32}},"40":{"start":{"line":112,"column":5},"end":{"line":116,"column":22}},"41":{"start":{"line":120,"column":14},"end":{"line":120,"column":40}},"42":{"start":{"line":121,"column":4},"end":{"line":127,"column":5}},"43":{"start":{"line":122,"column":8},"end":{"line":126,"column":23}},"44":{"start":{"line":129,"column":18},"end":{"line":135,"column":5}},"45":{"start":{"line":137,"column":4},"end":{"line":155,"column":6}},"46":{"start":{"line":138,"column":8},"end":{"line":151,"column":22}},"47":{"start":{"line":154,"column":8},"end":{"line":154,"column":34}},"48":{"start":{"line":158,"column":0},"end":{"line":197,"column":1}},"49":{"start":{"line":159,"column":16},"end":{"line":159,"column":36}},"50":{"start":{"line":162,"column":8},"end":{"line":162,"column":56}},"51":{"start":{"line":164,"column":4},"end":{"line":168,"column":22}},"52":{"start":{"line":164,"column":14},"end":{"line":168,"column":22}},"53":{"start":{"line":171,"column":14},"end":{"line":171,"column":40}},"54":{"start":{"line":172,"column":4},"end":{"line":178,"column":5}},"55":{"start":{"line":173,"column":8},"end":{"line":177,"column":23}},"56":{"start":{"line":180,"column":2},"end":{"line":196,"column":6}},"57":{"start":{"line":181,"column":8},"end":{"line":193,"column":22}},"58":{"start":{"line":195,"column":8},"end":{"line":195,"column":24}},"59":{"start":{"line":199,"column":0},"end":{"line":214,"column":1}},"60":{"start":{"line":201,"column":4},"end":{"line":211,"column":9}},"61":{"start":{"line":202,"column":8},"end":{"line":204,"column":9}},"62":{"start":{"line":203,"column":10},"end":{"line":203,"column":68}},"63":{"start":{"line":205,"column":8},"end":{"line":205,"column":35}},"64":{"start":{"line":209,"column":8},"end":{"line":209,"column":24}},"65":{"start":{"line":210,"column":8},"end":{"line":210,"column":51}},"66":{"start":{"line":216,"column":30},"end":{"line":247,"column":1}},"67":{"start":{"line":217,"column":4},"end":{"line":245,"column":5}},"68":{"start":{"line":218,"column":16},"end":{"line":218,"column":49}},"69":{"start":{"line":219,"column":5},"end":{"line":219,"column":22}},"70":{"start":{"line":220,"column":19},"end":{"line":226,"column":5}},"71":{"start":{"line":228,"column":4},"end":{"line":236,"column":6}},"72":{"start":{"line":229,"column":8},"end":{"line":235,"column":22}},"73":{"start":{"line":239,"column":8},"end":{"line":239,"column":31}},"74":{"start":{"line":240,"column":8},"end":{"line":244,"column":22}}},"fnMap":{"0":{"name":"(anonymous_0)","decl":{"start":{"line":12,"column":17},"end":{"line":12,"column":18}},"loc":{"start":{"line":12,"column":42},"end":{"line":14,"column":5}},"line":12},"1":{"name":"(anonymous_1)","decl":{"start":{"line":15,"column":14},"end":{"line":15,"column":15}},"loc":{"start":{"line":15,"column":39},"end":{"line":17,"column":5}},"line":15},"2":{"name":"(anonymous_2)","decl":{"start":{"line":26,"column":21},"end":{"line":26,"column":22}},"loc":{"start":{"line":26,"column":37},"end":{"line":55,"column":1}},"line":26},"3":{"name":"(anonymous_3)","decl":{"start":{"line":35,"column":24},"end":{"line":35,"column":25}},"loc":{"start":{"line":35,"column":38},"end":{"line":52,"column":5}},"line":35},"4":{"name":"(anonymous_4)","decl":{"start":{"line":36,"column":49},"end":{"line":36,"column":50}},"loc":{"start":{"line":36,"column":65},"end":{"line":51,"column":9}},"line":36},"5":{"name":"(anonymous_5)","decl":{"start":{"line":52,"column":13},"end":{"line":52,"column":14}},"loc":{"start":{"line":52,"column":22},"end":{"line":54,"column":5}},"line":52},"6":{"name":"(anonymous_6)","decl":{"start":{"line":57,"column":19},"end":{"line":57,"column":20}},"loc":{"start":{"line":57,"column":35},"end":{"line":83,"column":1}},"line":57},"7":{"name":"(anonymous_7)","decl":{"start":{"line":60,"column":18},"end":{"line":60,"column":19}},"loc":{"start":{"line":60,"column":33},"end":{"line":82,"column":5}},"line":60},"8":{"name":"(anonymous_8)","decl":{"start":{"line":61,"column":53},"end":{"line":61,"column":54}},"loc":{"start":{"line":61,"column":61},"end":{"line":81,"column":11}},"line":61},"9":{"name":"(anonymous_9)","decl":{"start":{"line":85,"column":22},"end":{"line":85,"column":23}},"loc":{"start":{"line":85,"column":38},"end":{"line":103,"column":1}},"line":85},"10":{"name":"(anonymous_10)","decl":{"start":{"line":86,"column":50},"end":{"line":86,"column":51}},"loc":{"start":{"line":86,"column":64},"end":{"line":101,"column":5}},"line":86},"11":{"name":"(anonymous_11)","decl":{"start":{"line":87,"column":52},"end":{"line":87,"column":53}},"loc":{"start":{"line":87,"column":62},"end":{"line":100,"column":9}},"line":87},"12":{"name":"(anonymous_12)","decl":{"start":{"line":105,"column":21},"end":{"line":105,"column":22}},"loc":{"start":{"line":105,"column":37},"end":{"line":156,"column":1}},"line":105},"13":{"name":"(anonymous_13)","decl":{"start":{"line":137,"column":47},"end":{"line":137,"column":48}},"loc":{"start":{"line":137,"column":62},"end":{"line":153,"column":5}},"line":137},"14":{"name":"(anonymous_14)","decl":{"start":{"line":153,"column":13},"end":{"line":153,"column":14}},"loc":{"start":{"line":153,"column":19},"end":{"line":155,"column":5}},"line":153},"15":{"name":"(anonymous_15)","decl":{"start":{"line":158,"column":21},"end":{"line":158,"column":22}},"loc":{"start":{"line":158,"column":37},"end":{"line":197,"column":1}},"line":158},"16":{"name":"(anonymous_16)","decl":{"start":{"line":180,"column":36},"end":{"line":180,"column":37}},"loc":{"start":{"line":180,"column":50},"end":{"line":194,"column":5}},"line":180},"17":{"name":"(anonymous_17)","decl":{"start":{"line":194,"column":13},"end":{"line":194,"column":14}},"loc":{"start":{"line":194,"column":22},"end":{"line":196,"column":5}},"line":194},"18":{"name":"(anonymous_18)","decl":{"start":{"line":199,"column":26},"end":{"line":199,"column":27}},"loc":{"start":{"line":199,"column":47},"end":{"line":214,"column":1}},"line":199},"19":{"name":"(anonymous_19)","decl":{"start":{"line":201,"column":21},"end":{"line":201,"column":22}},"loc":{"start":{"line":201,"column":30},"end":{"line":211,"column":7}},"line":201},"20":{"name":"(anonymous_20)","decl":{"start":{"line":216,"column":30},"end":{"line":216,"column":31}},"loc":{"start":{"line":216,"column":56},"end":{"line":247,"column":1}},"line":216},"21":{"name":"(anonymous_21)","decl":{"start":{"line":228,"column":54},"end":{"line":228,"column":55}},"loc":{"start":{"line":228,"column":58},"end":{"line":236,"column":5}},"line":228}},"branchMap":{"0":{"loc":{"start":{"line":74,"column":12},"end":{"line":80,"column":13}},"type":"if","locations":[{"start":{"line":74,"column":12},"end":{"line":80,"column":13}},{"start":{"line":74,"column":12},"end":{"line":80,"column":13}}],"line":74},"1":{"loc":{"start":{"line":121,"column":4},"end":{"line":127,"column":5}},"type":"if","locations":[{"start":{"line":121,"column":4},"end":{"line":127,"column":5}},{"start":{"line":121,"column":4},"end":{"line":127,"column":5}}],"line":121},"2":{"loc":{"start":{"line":121,"column":7},"end":{"line":121,"column":55}},"type":"binary-expr","locations":[{"start":{"line":121,"column":7},"end":{"line":121,"column":27}},{"start":{"line":121,"column":31},"end":{"line":121,"column":55}}],"line":121},"3":{"loc":{"start":{"line":164,"column":4},"end":{"line":168,"column":22}},"type":"if","locations":[{"start":{"line":164,"column":4},"end":{"line":168,"column":22}},{"start":{"line":164,"column":4},"end":{"line":168,"column":22}}],"line":164},"4":{"loc":{"start":{"line":172,"column":4},"end":{"line":178,"column":5}},"type":"if","locations":[{"start":{"line":172,"column":4},"end":{"line":178,"column":5}},{"start":{"line":172,"column":4},"end":{"line":178,"column":5}}],"line":172},"5":{"loc":{"start":{"line":172,"column":7},"end":{"line":172,"column":55}},"type":"binary-expr","locations":[{"start":{"line":172,"column":7},"end":{"line":172,"column":27}},{"start":{"line":172,"column":31},"end":{"line":172,"column":55}}],"line":172},"6":{"loc":{"start":{"line":202,"column":8},"end":{"line":204,"column":9}},"type":"if","locations":[{"start":{"line":202,"column":8},"end":{"line":204,"column":9}},{"start":{"line":202,"column":8},"end":{"line":204,"column":9}}],"line":202}},"s":{"0":2,"1":2,"2":2,"3":2,"4":2,"5":2,"6":2,"7":2,"8":2,"9":0,"10":0,"11":2,"12":2,"13":2,"14":0,"15":0,"16":0,"17":0,"18":0,"19":0,"20":0,"21":0,"22":0,"23":0,"24":2,"25":0,"26":0,"27":0,"28":0,"29":0,"30":0,"31":0,"32":2,"33":0,"34":0,"35":0,"36":2,"37":0,"38":0,"39":0,"40":0,"41":0,"42":0,"43":0,"44":0,"45":0,"46":0,"47":0,"48":2,"49":0,"50":0,"51":0,"52":0,"53":0,"54":0,"55":0,"56":0,"57":0,"58":0,"59":2,"60":0,"61":0,"62":0,"63":0,"64":0,"65":0,"66":2,"67":0,"68":0,"69":0,"70":0,"71":0,"72":0,"73":0,"74":0},"f":{"0":0,"1":0,"2":0,"3":0,"4":0,"5":0,"6":0,"7":0,"8":0,"9":0,"10":0,"11":0,"12":0,"13":0,"14":0,"15":0,"16":0,"17":0,"18":0,"19":0,"20":0,"21":0},"b":{"0":[0,0],"1":[0,0],"2":[0,0],"3":[0,0],"4":[0,0],"5":[0,0],"6":[0,0]},"_coverageSchema":"1a1c01bbd47fc00a2c39e90264f33305004495a9","hash":"2a941f7f71c3e4bc6874f925d6ef557f8bdee0ee"}
,"/home/patrick/Desktop/2020/NodeJS/Capstone/My-Portiforial-Server/controllers/comments.controller.js": {"path":"/home/patrick/Desktop/2020/NodeJS/Capstone/My-Portiforial-Server/controllers/comments.controller.js","statementMap":{"0":{"start":{"line":1,"column":18},"end":{"line":1,"column":53}},"1":{"start":{"line":2,"column":15},"end":{"line":2,"column":47}},"2":{"start":{"line":3,"column":15},"end":{"line":3,"column":47}},"3":{"start":{"line":4,"column":20},"end":{"line":4,"column":56}},"4":{"start":{"line":5,"column":23},"end":{"line":5,"column":47}},"5":{"start":{"line":7,"column":0},"end":{"line":34,"column":1}},"6":{"start":{"line":8,"column":13},"end":{"line":8,"column":32}},"7":{"start":{"line":9,"column":15},"end":{"line":9,"column":32}},"8":{"start":{"line":11,"column":2},"end":{"line":33,"column":2}},"9":{"start":{"line":12,"column":3},"end":{"line":12,"column":44}},"10":{"start":{"line":13,"column":20},"end":{"line":13,"column":33}},"11":{"start":{"line":14,"column":7},"end":{"line":14,"column":34}},"12":{"start":{"line":15,"column":7},"end":{"line":15,"column":34}},"13":{"start":{"line":16,"column":7},"end":{"line":16,"column":42}},"14":{"start":{"line":17,"column":7},"end":{"line":17,"column":45}},"15":{"start":{"line":18,"column":7},"end":{"line":25,"column":9}},"16":{"start":{"line":19,"column":9},"end":{"line":24,"column":33}},"17":{"start":{"line":28,"column":3},"end":{"line":32,"column":17}},"18":{"start":{"line":36,"column":0},"end":{"line":69,"column":1}},"19":{"start":{"line":37,"column":20},"end":{"line":37,"column":22}},"20":{"start":{"line":38,"column":2},"end":{"line":68,"column":4}},"21":{"start":{"line":39,"column":4},"end":{"line":67,"column":6}},"22":{"start":{"line":40,"column":6},"end":{"line":66,"column":8}},"23":{"start":{"line":41,"column":8},"end":{"line":64,"column":10}},"24":{"start":{"line":43,"column":10},"end":{"line":56,"column":11}},"25":{"start":{"line":57,"column":9},"end":{"line":63,"column":10}},"26":{"start":{"line":58,"column":11},"end":{"line":62,"column":13}}},"fnMap":{"0":{"name":"(anonymous_0)","decl":{"start":{"line":7,"column":22},"end":{"line":7,"column":23}},"loc":{"start":{"line":7,"column":40},"end":{"line":34,"column":1}},"line":7},"1":{"name":"(anonymous_1)","decl":{"start":{"line":18,"column":30},"end":{"line":18,"column":31}},"loc":{"start":{"line":18,"column":41},"end":{"line":25,"column":8}},"line":18},"2":{"name":"(anonymous_2)","decl":{"start":{"line":36,"column":30},"end":{"line":36,"column":31}},"loc":{"start":{"line":36,"column":48},"end":{"line":69,"column":1}},"line":36},"3":{"name":"(anonymous_3)","decl":{"start":{"line":38,"column":28},"end":{"line":38,"column":29}},"loc":{"start":{"line":38,"column":40},"end":{"line":68,"column":3}},"line":38},"4":{"name":"(anonymous_4)","decl":{"start":{"line":39,"column":21},"end":{"line":39,"column":22}},"loc":{"start":{"line":39,"column":32},"end":{"line":67,"column":5}},"line":39},"5":{"name":"(anonymous_5)","decl":{"start":{"line":40,"column":45},"end":{"line":40,"column":46}},"loc":{"start":{"line":40,"column":53},"end":{"line":66,"column":7}},"line":40},"6":{"name":"(anonymous_6)","decl":{"start":{"line":41,"column":47},"end":{"line":41,"column":48}},"loc":{"start":{"line":41,"column":55},"end":{"line":64,"column":9}},"line":41}},"branchMap":{"0":{"loc":{"start":{"line":57,"column":9},"end":{"line":63,"column":10}},"type":"if","locations":[{"start":{"line":57,"column":9},"end":{"line":63,"column":10}},{"start":{"line":57,"column":9},"end":{"line":63,"column":10}}],"line":57}},"s":{"0":2,"1":2,"2":2,"3":2,"4":2,"5":2,"6":0,"7":0,"8":0,"9":0,"10":0,"11":0,"12":0,"13":0,"14":0,"15":0,"16":0,"17":0,"18":2,"19":0,"20":0,"21":0,"22":0,"23":0,"24":0,"25":0,"26":0},"f":{"0":0,"1":0,"2":0,"3":0,"4":0,"5":0,"6":0},"b":{"0":[0,0]},"_coverageSchema":"1a1c01bbd47fc00a2c39e90264f33305004495a9","hash":"31b359c93d998df732af56e70387e88e7bb27a23"}
,"/home/patrick/Desktop/2020/NodeJS/Capstone/My-Portiforial-Server/controllers/inquiries.controller.js": {"path":"/home/patrick/Desktop/2020/NodeJS/Capstone/My-Portiforial-Server/controllers/inquiries.controller.js","statementMap":{"0":{"start":{"line":1,"column":26},"end":{"line":1,"column":75}},"1":{"start":{"line":2,"column":18},"end":{"line":2,"column":52}},"2":{"start":{"line":3,"column":23},"end":{"line":3,"column":47}},"3":{"start":{"line":6,"column":0},"end":{"line":34,"column":1}},"4":{"start":{"line":8,"column":15},"end":{"line":8,"column":23}},"5":{"start":{"line":15,"column":17},"end":{"line":15,"column":30}},"6":{"start":{"line":16,"column":7},"end":{"line":16,"column":32}},"7":{"start":{"line":17,"column":7},"end":{"line":17,"column":34}},"8":{"start":{"line":18,"column":7},"end":{"line":18,"column":38}},"9":{"start":{"line":19,"column":7},"end":{"line":19,"column":45}},"10":{"start":{"line":20,"column":7},"end":{"line":33,"column":9}},"11":{"start":{"line":21,"column":11},"end":{"line":26,"column":25}},"12":{"start":{"line":28,"column":11},"end":{"line":32,"column":25}},"13":{"start":{"line":37,"column":0},"end":{"line":51,"column":1}},"14":{"start":{"line":38,"column":5},"end":{"line":50,"column":7}},"15":{"start":{"line":39,"column":9},"end":{"line":43,"column":23}},"16":{"start":{"line":45,"column":9},"end":{"line":49,"column":23}},"17":{"start":{"line":53,"column":0},"end":{"line":69,"column":1}},"18":{"start":{"line":54,"column":17},"end":{"line":54,"column":34}},"19":{"start":{"line":56,"column":4},"end":{"line":68,"column":6}},"20":{"start":{"line":57,"column":8},"end":{"line":61,"column":22}},"21":{"start":{"line":63,"column":8},"end":{"line":67,"column":22}},"22":{"start":{"line":71,"column":0},"end":{"line":87,"column":1}},"23":{"start":{"line":72,"column":13},"end":{"line":72,"column":26}},"24":{"start":{"line":74,"column":4},"end":{"line":86,"column":6}},"25":{"start":{"line":75,"column":8},"end":{"line":79,"column":22}},"26":{"start":{"line":81,"column":8},"end":{"line":85,"column":22}},"27":{"start":{"line":89,"column":0},"end":{"line":143,"column":1}},"28":{"start":{"line":90,"column":13},"end":{"line":90,"column":26}},"29":{"start":{"line":91,"column":17},"end":{"line":91,"column":34}},"30":{"start":{"line":93,"column":4},"end":{"line":103,"column":5}},"31":{"start":{"line":94,"column":8},"end":{"line":94,"column":52}},"32":{"start":{"line":98,"column":8},"end":{"line":102,"column":22}},"33":{"start":{"line":105,"column":4},"end":{"line":111,"column":5}},"34":{"start":{"line":106,"column":8},"end":{"line":110,"column":22}},"35":{"start":{"line":113,"column":4},"end":{"line":119,"column":5}},"36":{"start":{"line":121,"column":5},"end":{"line":142,"column":7}},"37":{"start":{"line":122,"column":9},"end":{"line":135,"column":23}},"38":{"start":{"line":137,"column":9},"end":{"line":141,"column":11}}},"fnMap":{"0":{"name":"(anonymous_0)","decl":{"start":{"line":6,"column":22},"end":{"line":6,"column":23}},"loc":{"start":{"line":6,"column":40},"end":{"line":34,"column":1}},"line":6},"1":{"name":"(anonymous_1)","decl":{"start":{"line":20,"column":27},"end":{"line":20,"column":28}},"loc":{"start":{"line":20,"column":38},"end":{"line":27,"column":8}},"line":20},"2":{"name":"(anonymous_2)","decl":{"start":{"line":27,"column":16},"end":{"line":27,"column":17}},"loc":{"start":{"line":27,"column":25},"end":{"line":33,"column":8}},"line":27},"3":{"name":"(anonymous_3)","decl":{"start":{"line":37,"column":23},"end":{"line":37,"column":24}},"loc":{"start":{"line":37,"column":41},"end":{"line":51,"column":1}},"line":37},"4":{"name":"(anonymous_4)","decl":{"start":{"line":38,"column":31},"end":{"line":38,"column":32}},"loc":{"start":{"line":38,"column":44},"end":{"line":44,"column":6}},"line":38},"5":{"name":"(anonymous_5)","decl":{"start":{"line":44,"column":14},"end":{"line":44,"column":15}},"loc":{"start":{"line":44,"column":23},"end":{"line":50,"column":6}},"line":44},"6":{"name":"(anonymous_6)","decl":{"start":{"line":53,"column":29},"end":{"line":53,"column":30}},"loc":{"start":{"line":53,"column":47},"end":{"line":69,"column":1}},"line":53},"7":{"name":"(anonymous_7)","decl":{"start":{"line":56,"column":49},"end":{"line":56,"column":50}},"loc":{"start":{"line":56,"column":62},"end":{"line":62,"column":5}},"line":56},"8":{"name":"(anonymous_8)","decl":{"start":{"line":62,"column":13},"end":{"line":62,"column":14}},"loc":{"start":{"line":62,"column":22},"end":{"line":68,"column":5}},"line":62},"9":{"name":"(anonymous_9)","decl":{"start":{"line":71,"column":25},"end":{"line":71,"column":26}},"loc":{"start":{"line":71,"column":43},"end":{"line":87,"column":1}},"line":71},"10":{"name":"(anonymous_10)","decl":{"start":{"line":74,"column":42},"end":{"line":74,"column":43}},"loc":{"start":{"line":74,"column":55},"end":{"line":80,"column":5}},"line":74},"11":{"name":"(anonymous_11)","decl":{"start":{"line":80,"column":13},"end":{"line":80,"column":14}},"loc":{"start":{"line":80,"column":22},"end":{"line":86,"column":5}},"line":80},"12":{"name":"(anonymous_12)","decl":{"start":{"line":89,"column":23},"end":{"line":89,"column":24}},"loc":{"start":{"line":89,"column":41},"end":{"line":143,"column":1}},"line":89},"13":{"name":"(anonymous_13)","decl":{"start":{"line":121,"column":57},"end":{"line":121,"column":58}},"loc":{"start":{"line":121,"column":63},"end":{"line":136,"column":6}},"line":121},"14":{"name":"(anonymous_14)","decl":{"start":{"line":136,"column":14},"end":{"line":136,"column":15}},"loc":{"start":{"line":136,"column":23},"end":{"line":142,"column":6}},"line":136}},"branchMap":{"0":{"loc":{"start":{"line":105,"column":4},"end":{"line":111,"column":5}},"type":"if","locations":[{"start":{"line":105,"column":4},"end":{"line":111,"column":5}},{"start":{"line":105,"column":4},"end":{"line":111,"column":5}}],"line":105},"1":{"loc":{"start":{"line":105,"column":7},"end":{"line":105,"column":33}},"type":"binary-expr","locations":[{"start":{"line":105,"column":7},"end":{"line":105,"column":18}},{"start":{"line":105,"column":22},"end":{"line":105,"column":33}}],"line":105}},"s":{"0":2,"1":2,"2":2,"3":2,"4":0,"5":0,"6":0,"7":0,"8":0,"9":0,"10":0,"11":0,"12":0,"13":2,"14":0,"15":0,"16":0,"17":2,"18":0,"19":0,"20":0,"21":0,"22":2,"23":0,"24":0,"25":0,"26":0,"27":2,"28":0,"29":0,"30":0,"31":0,"32":0,"33":0,"34":0,"35":0,"36":0,"37":0,"38":0},"f":{"0":0,"1":0,"2":0,"3":0,"4":0,"5":0,"6":0,"7":0,"8":0,"9":0,"10":0,"11":0,"12":0,"13":0,"14":0},"b":{"0":[0,0],"1":[0,0]},"_coverageSchema":"1a1c01bbd47fc00a2c39e90264f33305004495a9","hash":"b720170984acbcdb24cb90dd6374820c50bb55de"}
,"/home/patrick/Desktop/2020/NodeJS/Capstone/My-Portiforial-Server/controllers/user.controller.js": {"path":"/home/patrick/Desktop/2020/NodeJS/Capstone/My-Portiforial-Server/controllers/user.controller.js","statementMap":{"0":{"start":{"line":1,"column":18},"end":{"line":1,"column":46}},"1":{"start":{"line":2,"column":22},"end":{"line":2,"column":54}},"2":{"start":{"line":3,"column":10},"end":{"line":3,"column":27}},"3":{"start":{"line":4,"column":15},"end":{"line":4,"column":32}},"4":{"start":{"line":5,"column":15},"end":{"line":5,"column":47}},"5":{"start":{"line":6,"column":23},"end":{"line":6,"column":47}},"6":{"start":{"line":7,"column":18},"end":{"line":7,"column":47}},"7":{"start":{"line":9,"column":0},"end":{"line":26,"column":1}},"8":{"start":{"line":10,"column":11},"end":{"line":10,"column":53}},"9":{"start":{"line":11,"column":4},"end":{"line":11,"column":67}},"10":{"start":{"line":11,"column":13},"end":{"line":11,"column":67}},"11":{"start":{"line":13,"column":4},"end":{"line":13,"column":64}},"12":{"start":{"line":14,"column":20},"end":{"line":14,"column":53}},"13":{"start":{"line":15,"column":4},"end":{"line":15,"column":28}},"14":{"start":{"line":16,"column":4},"end":{"line":17,"column":46}},"15":{"start":{"line":18,"column":4},"end":{"line":18,"column":22}},"16":{"start":{"line":19,"column":4},"end":{"line":25,"column":21}},"17":{"start":{"line":28,"column":0},"end":{"line":55,"column":2}},"18":{"start":{"line":29,"column":12},"end":{"line":29,"column":55}},"19":{"start":{"line":31,"column":4},"end":{"line":37,"column":5}},"20":{"start":{"line":32,"column":8},"end":{"line":36,"column":22}},"21":{"start":{"line":39,"column":24},"end":{"line":39,"column":77}},"22":{"start":{"line":40,"column":4},"end":{"line":46,"column":5}},"23":{"start":{"line":41,"column":8},"end":{"line":45,"column":22}},"24":{"start":{"line":47,"column":22},"end":{"line":47,"column":64}},"25":{"start":{"line":48,"column":4},"end":{"line":54,"column":6}},"26":{"start":{"line":57,"column":0},"end":{"line":61,"column":1}},"27":{"start":{"line":58,"column":6},"end":{"line":60,"column":8}},"28":{"start":{"line":59,"column":10},"end":{"line":59,"column":75}},"29":{"start":{"line":63,"column":0},"end":{"line":108,"column":1}},"30":{"start":{"line":64,"column":17},"end":{"line":64,"column":30}},"31":{"start":{"line":66,"column":15},"end":{"line":66,"column":30}},"32":{"start":{"line":68,"column":4},"end":{"line":74,"column":7}},"33":{"start":{"line":69,"column":8},"end":{"line":73,"column":25}},"34":{"start":{"line":76,"column":4},"end":{"line":107,"column":5}},"35":{"start":{"line":78,"column":8},"end":{"line":78,"column":49}},"36":{"start":{"line":79,"column":8},"end":{"line":85,"column":9}},"37":{"start":{"line":86,"column":8},"end":{"line":99,"column":10}},"38":{"start":{"line":87,"column":12},"end":{"line":98,"column":26}},"39":{"start":{"line":102,"column":8},"end":{"line":106,"column":22}},"40":{"start":{"line":110,"column":0},"end":{"line":150,"column":1}},"41":{"start":{"line":111,"column":13},"end":{"line":111,"column":26}},"42":{"start":{"line":112,"column":20},"end":{"line":112,"column":40}},"43":{"start":{"line":114,"column":4},"end":{"line":147,"column":5}},"44":{"start":{"line":115,"column":19},"end":{"line":115,"column":48}},"45":{"start":{"line":116,"column":22},"end":{"line":122,"column":9}},"46":{"start":{"line":124,"column":8},"end":{"line":137,"column":10}},"47":{"start":{"line":125,"column":12},"end":{"line":125,"column":35}},"48":{"start":{"line":126,"column":12},"end":{"line":130,"column":26}},"49":{"start":{"line":132,"column":12},"end":{"line":136,"column":14}},"50":{"start":{"line":141,"column":8},"end":{"line":146,"column":22}}},"fnMap":{"0":{"name":"(anonymous_0)","decl":{"start":{"line":9,"column":24},"end":{"line":9,"column":25}},"loc":{"start":{"line":9,"column":42},"end":{"line":26,"column":1}},"line":9},"1":{"name":"(anonymous_1)","decl":{"start":{"line":28,"column":16},"end":{"line":28,"column":17}},"loc":{"start":{"line":28,"column":32},"end":{"line":55,"column":2}},"line":28},"2":{"name":"(anonymous_2)","decl":{"start":{"line":57,"column":19},"end":{"line":57,"column":20}},"loc":{"start":{"line":57,"column":36},"end":{"line":61,"column":1}},"line":57},"3":{"name":"(anonymous_3)","decl":{"start":{"line":58,"column":29},"end":{"line":58,"column":30}},"loc":{"start":{"line":58,"column":38},"end":{"line":60,"column":7}},"line":58},"4":{"name":"(anonymous_4)","decl":{"start":{"line":63,"column":25},"end":{"line":63,"column":26}},"loc":{"start":{"line":63,"column":42},"end":{"line":108,"column":1}},"line":63},"5":{"name":"(anonymous_5)","decl":{"start":{"line":86,"column":64},"end":{"line":86,"column":65}},"loc":{"start":{"line":86,"column":68},"end":{"line":99,"column":9}},"line":86},"6":{"name":"(anonymous_6)","decl":{"start":{"line":110,"column":24},"end":{"line":110,"column":25}},"loc":{"start":{"line":110,"column":42},"end":{"line":150,"column":1}},"line":110},"7":{"name":"(anonymous_7)","decl":{"start":{"line":124,"column":60},"end":{"line":124,"column":61}},"loc":{"start":{"line":124,"column":64},"end":{"line":131,"column":9}},"line":124},"8":{"name":"(anonymous_8)","decl":{"start":{"line":131,"column":17},"end":{"line":131,"column":18}},"loc":{"start":{"line":131,"column":26},"end":{"line":137,"column":9}},"line":131}},"branchMap":{"0":{"loc":{"start":{"line":11,"column":4},"end":{"line":11,"column":67}},"type":"if","locations":[{"start":{"line":11,"column":4},"end":{"line":11,"column":67}},{"start":{"line":11,"column":4},"end":{"line":11,"column":67}}],"line":11},"1":{"loc":{"start":{"line":31,"column":4},"end":{"line":37,"column":5}},"type":"if","locations":[{"start":{"line":31,"column":4},"end":{"line":37,"column":5}},{"start":{"line":31,"column":4},"end":{"line":37,"column":5}}],"line":31},"2":{"loc":{"start":{"line":40,"column":4},"end":{"line":46,"column":5}},"type":"if","locations":[{"start":{"line":40,"column":4},"end":{"line":46,"column":5}},{"start":{"line":40,"column":4},"end":{"line":46,"column":5}}],"line":40},"3":{"loc":{"start":{"line":68,"column":4},"end":{"line":74,"column":7}},"type":"if","locations":[{"start":{"line":68,"column":4},"end":{"line":74,"column":7}},{"start":{"line":68,"column":4},"end":{"line":74,"column":7}}],"line":68},"4":{"loc":{"start":{"line":68,"column":7},"end":{"line":68,"column":49}},"type":"binary-expr","locations":[{"start":{"line":68,"column":7},"end":{"line":68,"column":22}},{"start":{"line":68,"column":26},"end":{"line":68,"column":49}}],"line":68}},"s":{"0":2,"1":2,"2":2,"3":2,"4":2,"5":2,"6":2,"7":2,"8":2,"9":2,"10":1,"11":1,"12":1,"13":1,"14":1,"15":1,"16":1,"17":2,"18":0,"19":0,"20":0,"21":0,"22":0,"23":0,"24":0,"25":0,"26":2,"27":0,"28":0,"29":2,"30":0,"31":0,"32":0,"33":0,"34":0,"35":0,"36":0,"37":0,"38":0,"39":0,"40":2,"41":0,"42":0,"43":0,"44":0,"45":0,"46":0,"47":0,"48":0,"49":0,"50":0},"f":{"0":2,"1":0,"2":0,"3":0,"4":0,"5":0,"6":0,"7":0,"8":0},"b":{"0":[1,1],"1":[0,0],"2":[0,0],"3":[0,0],"4":[0,0]},"_coverageSchema":"1a1c01bbd47fc00a2c39e90264f33305004495a9","hash":"67c0d33f6b0fc7ad4e8101fe3d291f2e56f05c2a"}
,"/home/patrick/Desktop/2020/NodeJS/Capstone/My-Portiforial-Server/helper/validators/blog.validator.js": {"path":"/home/patrick/Desktop/2020/NodeJS/Capstone/My-Portiforial-Server/helper/validators/blog.validator.js","statementMap":{"0":{"start":{"line":1,"column":12},"end":{"line":1,"column":32}},"1":{"start":{"line":3,"column":25},"end":{"line":6,"column":2}},"2":{"start":{"line":8,"column":0},"end":{"line":17,"column":1}},"3":{"start":{"line":9,"column":20},"end":{"line":9,"column":55}},"4":{"start":{"line":10,"column":4},"end":{"line":14,"column":18}},"5":{"start":{"line":10,"column":14},"end":{"line":14,"column":18}},"6":{"start":{"line":16,"column":4},"end":{"line":16,"column":11}}},"fnMap":{"0":{"name":"(anonymous_0)","decl":{"start":{"line":8,"column":30},"end":{"line":8,"column":31}},"loc":{"start":{"line":8,"column":48},"end":{"line":17,"column":1}},"line":8}},"branchMap":{"0":{"loc":{"start":{"line":10,"column":4},"end":{"line":14,"column":18}},"type":"if","locations":[{"start":{"line":10,"column":4},"end":{"line":14,"column":18}},{"start":{"line":10,"column":4},"end":{"line":14,"column":18}}],"line":10}},"s":{"0":2,"1":2,"2":2,"3":0,"4":0,"5":0,"6":0},"f":{"0":0},"b":{"0":[0,0]},"_coverageSchema":"1a1c01bbd47fc00a2c39e90264f33305004495a9","hash":"c1664ee252e12b987b6b7b80b326510155882abc"}
,"/home/patrick/Desktop/2020/NodeJS/Capstone/My-Portiforial-Server/helper/validators/inquiry.validator.js": {"path":"/home/patrick/Desktop/2020/NodeJS/Capstone/My-Portiforial-Server/helper/validators/inquiry.validator.js","statementMap":{},"fnMap":{},"branchMap":{},"s":{},"f":{},"b":{},"_coverageSchema":"1a1c01bbd47fc00a2c39e90264f33305004495a9","hash":"a0da194a63e945402f5f2adddf5f5d8b201fd175"}
,"/home/patrick/Desktop/2020/NodeJS/Capstone/My-Portiforial-Server/helper/validators/users.validators..js": {"path":"/home/patrick/Desktop/2020/NodeJS/Capstone/My-Portiforial-Server/helper/validators/users.validators..js","statementMap":{"0":{"start":{"line":1,"column":12},"end":{"line":1,"column":32}},"1":{"start":{"line":3,"column":21},"end":{"line":7,"column":2}},"2":{"start":{"line":9,"column":20},"end":{"line":12,"column":2}},"3":{"start":{"line":14,"column":0},"end":{"line":23,"column":1}},"4":{"start":{"line":15,"column":20},"end":{"line":15,"column":51}},"5":{"start":{"line":16,"column":4},"end":{"line":20,"column":18}},"6":{"start":{"line":16,"column":14},"end":{"line":20,"column":18}},"7":{"start":{"line":22,"column":4},"end":{"line":22,"column":11}},"8":{"start":{"line":25,"column":0},"end":{"line":34,"column":1}},"9":{"start":{"line":26,"column":20},"end":{"line":26,"column":50}},"10":{"start":{"line":27,"column":4},"end":{"line":31,"column":18}},"11":{"start":{"line":27,"column":14},"end":{"line":31,"column":18}},"12":{"start":{"line":33,"column":4},"end":{"line":33,"column":11}}},"fnMap":{"0":{"name":"(anonymous_0)","decl":{"start":{"line":14,"column":26},"end":{"line":14,"column":27}},"loc":{"start":{"line":14,"column":45},"end":{"line":23,"column":1}},"line":14},"1":{"name":"(anonymous_1)","decl":{"start":{"line":25,"column":25},"end":{"line":25,"column":26}},"loc":{"start":{"line":25,"column":43},"end":{"line":34,"column":1}},"line":25}},"branchMap":{"0":{"loc":{"start":{"line":16,"column":4},"end":{"line":20,"column":18}},"type":"if","locations":[{"start":{"line":16,"column":4},"end":{"line":20,"column":18}},{"start":{"line":16,"column":4},"end":{"line":20,"column":18}}],"line":16},"1":{"loc":{"start":{"line":27,"column":4},"end":{"line":31,"column":18}},"type":"if","locations":[{"start":{"line":27,"column":4},"end":{"line":31,"column":18}},{"start":{"line":27,"column":4},"end":{"line":31,"column":18}}],"line":27}},"s":{"0":2,"1":2,"2":2,"3":2,"4":3,"5":3,"6":1,"7":2,"8":2,"9":0,"10":0,"11":0,"12":0},"f":{"0":3,"1":0},"b":{"0":[1,2],"1":[0,0]},"_coverageSchema":"1a1c01bbd47fc00a2c39e90264f33305004495a9","hash":"58c18a8fe233dd8bbb500df0678316044c433519"}
,"/home/patrick/Desktop/2020/NodeJS/Capstone/My-Portiforial-Server/middlewares/admin.js": {"path":"/home/patrick/Desktop/2020/NodeJS/Capstone/My-Portiforial-Server/middlewares/admin.js","statementMap":{"0":{"start":{"line":1,"column":12},"end":{"line":1,"column":35}},"1":{"start":{"line":2,"column":15},"end":{"line":2,"column":32}},"2":{"start":{"line":4,"column":17},"end":{"line":4,"column":37}},"3":{"start":{"line":5,"column":4},"end":{"line":5,"column":101}},"4":{"start":{"line":5,"column":16},"end":{"line":5,"column":101}},"5":{"start":{"line":7,"column":4},"end":{"line":26,"column":5}},"6":{"start":{"line":8,"column":23},"end":{"line":8,"column":70}},"7":{"start":{"line":9,"column":21},"end":{"line":9,"column":27}},"8":{"start":{"line":10,"column":8},"end":{"line":21,"column":9}},"9":{"start":{"line":11,"column":12},"end":{"line":17,"column":13}},"10":{"start":{"line":12,"column":16},"end":{"line":12,"column":23}},"11":{"start":{"line":15,"column":16},"end":{"line":15,"column":101}},"12":{"start":{"line":20,"column":12},"end":{"line":20,"column":88}},"13":{"start":{"line":25,"column":8},"end":{"line":25,"column":58}},"14":{"start":{"line":28,"column":0},"end":{"line":28,"column":25}}},"fnMap":{"0":{"name":"isAdmin","decl":{"start":{"line":3,"column":9},"end":{"line":3,"column":16}},"loc":{"start":{"line":3,"column":30},"end":{"line":27,"column":1}},"line":3}},"branchMap":{"0":{"loc":{"start":{"line":5,"column":4},"end":{"line":5,"column":101}},"type":"if","locations":[{"start":{"line":5,"column":4},"end":{"line":5,"column":101}},{"start":{"line":5,"column":4},"end":{"line":5,"column":101}}],"line":5},"1":{"loc":{"start":{"line":10,"column":8},"end":{"line":21,"column":9}},"type":"if","locations":[{"start":{"line":10,"column":8},"end":{"line":21,"column":9}},{"start":{"line":10,"column":8},"end":{"line":21,"column":9}}],"line":10},"2":{"loc":{"start":{"line":11,"column":12},"end":{"line":17,"column":13}},"type":"if","locations":[{"start":{"line":11,"column":12},"end":{"line":17,"column":13}},{"start":{"line":11,"column":12},"end":{"line":17,"column":13}}],"line":11}},"s":{"0":2,"1":2,"2":0,"3":0,"4":0,"5":0,"6":0,"7":0,"8":0,"9":0,"10":0,"11":0,"12":0,"13":0,"14":2},"f":{"0":0},"b":{"0":[0,0],"1":[0,0],"2":[0,0]},"_coverageSchema":"1a1c01bbd47fc00a2c39e90264f33305004495a9","hash":"e4001946f16f1ff7d48e8b0260adc49315b5dfc9"}
,"/home/patrick/Desktop/2020/NodeJS/Capstone/My-Portiforial-Server/middlewares/auth.js": {"path":"/home/patrick/Desktop/2020/NodeJS/Capstone/My-Portiforial-Server/middlewares/auth.js","statementMap":{"0":{"start":{"line":1,"column":12},"end":{"line":1,"column":35}},"1":{"start":{"line":2,"column":15},"end":{"line":2,"column":32}},"2":{"start":{"line":5,"column":17},"end":{"line":5,"column":37}},"3":{"start":{"line":6,"column":4},"end":{"line":6,"column":101}},"4":{"start":{"line":6,"column":16},"end":{"line":6,"column":101}},"5":{"start":{"line":8,"column":4},"end":{"line":21,"column":5}},"6":{"start":{"line":9,"column":23},"end":{"line":9,"column":70}},"7":{"start":{"line":10,"column":21},"end":{"line":10,"column":27}},"8":{"start":{"line":11,"column":8},"end":{"line":16,"column":9}},"9":{"start":{"line":12,"column":12},"end":{"line":12,"column":19}},"10":{"start":{"line":15,"column":12},"end":{"line":15,"column":88}},"11":{"start":{"line":20,"column":8},"end":{"line":20,"column":58}},"12":{"start":{"line":24,"column":0},"end":{"line":24,"column":22}}},"fnMap":{"0":{"name":"auth","decl":{"start":{"line":4,"column":9},"end":{"line":4,"column":13}},"loc":{"start":{"line":4,"column":27},"end":{"line":22,"column":1}},"line":4}},"branchMap":{"0":{"loc":{"start":{"line":6,"column":4},"end":{"line":6,"column":101}},"type":"if","locations":[{"start":{"line":6,"column":4},"end":{"line":6,"column":101}},{"start":{"line":6,"column":4},"end":{"line":6,"column":101}}],"line":6},"1":{"loc":{"start":{"line":11,"column":8},"end":{"line":16,"column":9}},"type":"if","locations":[{"start":{"line":11,"column":8},"end":{"line":16,"column":9}},{"start":{"line":11,"column":8},"end":{"line":16,"column":9}}],"line":11}},"s":{"0":2,"1":2,"2":0,"3":0,"4":0,"5":0,"6":0,"7":0,"8":0,"9":0,"10":0,"11":0,"12":2},"f":{"0":0},"b":{"0":[0,0],"1":[0,0]},"_coverageSchema":"1a1c01bbd47fc00a2c39e90264f33305004495a9","hash":"a199707b224fb2f07461d090e4af89d75f716fbd"}
,"/home/patrick/Desktop/2020/NodeJS/Capstone/My-Portiforial-Server/modals/blogs.modal.js": {"path":"/home/patrick/Desktop/2020/NodeJS/Capstone/My-Portiforial-Server/modals/blogs.modal.js","statementMap":{"0":{"start":{"line":1,"column":17},"end":{"line":1,"column":36}},"1":{"start":{"line":2,"column":19},"end":{"line":26,"column":2}},"2":{"start":{"line":28,"column":13},"end":{"line":28,"column":46}},"3":{"start":{"line":29,"column":0},"end":{"line":29,"column":27}}},"fnMap":{},"branchMap":{},"s":{"0":2,"1":2,"2":2,"3":2},"f":{},"b":{},"_coverageSchema":"1a1c01bbd47fc00a2c39e90264f33305004495a9","hash":"ba0d6a3b9ef5c729444fde6fa92254e7797ac891"}
,"/home/patrick/Desktop/2020/NodeJS/Capstone/My-Portiforial-Server/modals/comments.modal.js": {"path":"/home/patrick/Desktop/2020/NodeJS/Capstone/My-Portiforial-Server/modals/comments.modal.js","statementMap":{"0":{"start":{"line":1,"column":17},"end":{"line":1,"column":36}},"1":{"start":{"line":2,"column":22},"end":{"line":23,"column":2}},"2":{"start":{"line":25,"column":16},"end":{"line":25,"column":55}},"3":{"start":{"line":26,"column":0},"end":{"line":26,"column":33}}},"fnMap":{},"branchMap":{},"s":{"0":2,"1":2,"2":2,"3":2},"f":{},"b":{},"_coverageSchema":"1a1c01bbd47fc00a2c39e90264f33305004495a9","hash":"b6aec0fc1eeae8b3fd3cd1bd8a602e7f95051d17"}
,"/home/patrick/Desktop/2020/NodeJS/Capstone/My-Portiforial-Server/modals/db.js": {"path":"/home/patrick/Desktop/2020/NodeJS/Capstone/My-Portiforial-Server/modals/db.js","statementMap":{"0":{"start":{"line":1,"column":15},"end":{"line":1,"column":32}},"1":{"start":{"line":2,"column":17},"end":{"line":2,"column":36}},"2":{"start":{"line":3,"column":0},"end":{"line":3,"column":38}},"3":{"start":{"line":4,"column":0},"end":{"line":4,"column":40}},"4":{"start":{"line":5,"column":0},"end":{"line":5,"column":37}},"5":{"start":{"line":6,"column":0},"end":{"line":6,"column":41}},"6":{"start":{"line":8,"column":0},"end":{"line":8,"column":26}},"7":{"start":{"line":10,"column":0},"end":{"line":15,"column":63}},"8":{"start":{"line":14,"column":12},"end":{"line":14,"column":64}},"9":{"start":{"line":15,"column":13},"end":{"line":15,"column":61}},"10":{"start":{"line":17,"column":0},"end":{"line":17,"column":25}},"11":{"start":{"line":18,"column":0},"end":{"line":18,"column":25}},"12":{"start":{"line":19,"column":0},"end":{"line":19,"column":27}},"13":{"start":{"line":20,"column":0},"end":{"line":20,"column":28}}},"fnMap":{"0":{"name":"(anonymous_0)","decl":{"start":{"line":14,"column":6},"end":{"line":14,"column":7}},"loc":{"start":{"line":14,"column":12},"end":{"line":14,"column":64}},"line":14},"1":{"name":"(anonymous_1)","decl":{"start":{"line":15,"column":7},"end":{"line":15,"column":8}},"loc":{"start":{"line":15,"column":13},"end":{"line":15,"column":61}},"line":15}},"branchMap":{},"s":{"0":2,"1":2,"2":2,"3":2,"4":2,"5":2,"6":2,"7":2,"8":2,"9":0,"10":2,"11":2,"12":2,"13":2},"f":{"0":2,"1":0},"b":{},"_coverageSchema":"1a1c01bbd47fc00a2c39e90264f33305004495a9","hash":"e29c61abe61140e2b89a4c28b5ba8a0d4da92cc4"}
,"/home/patrick/Desktop/2020/NodeJS/Capstone/My-Portiforial-Server/modals/inquiry.modal.js": {"path":"/home/patrick/Desktop/2020/NodeJS/Capstone/My-Portiforial-Server/modals/inquiry.modal.js","statementMap":{"0":{"start":{"line":1,"column":17},"end":{"line":1,"column":36}},"1":{"start":{"line":2,"column":22},"end":{"line":24,"column":2}},"2":{"start":{"line":26,"column":16},"end":{"line":26,"column":55}},"3":{"start":{"line":27,"column":0},"end":{"line":27,"column":33}}},"fnMap":{},"branchMap":{},"s":{"0":2,"1":2,"2":2,"3":2},"f":{},"b":{},"_coverageSchema":"1a1c01bbd47fc00a2c39e90264f33305004495a9","hash":"19701a21fa696bd5f2b74932da4637c140d71160"}
,"/home/patrick/Desktop/2020/NodeJS/Capstone/My-Portiforial-Server/modals/users.modal.js": {"path":"/home/patrick/Desktop/2020/NodeJS/Capstone/My-Portiforial-Server/modals/users.modal.js","statementMap":{"0":{"start":{"line":1,"column":17},"end":{"line":1,"column":36}},"1":{"start":{"line":2,"column":19},"end":{"line":25,"column":2}},"2":{"start":{"line":27,"column":13},"end":{"line":27,"column":50}},"3":{"start":{"line":28,"column":0},"end":{"line":28,"column":27}}},"fnMap":{},"branchMap":{},"s":{"0":2,"1":2,"2":2,"3":2},"f":{},"b":{},"_coverageSchema":"1a1c01bbd47fc00a2c39e90264f33305004495a9","hash":"4e46de40598acf77bc834cd524b787f618668838"}
,"/home/patrick/Desktop/2020/NodeJS/Capstone/My-Portiforial-Server/routers/blogs.routes.js": {"path":"/home/patrick/Desktop/2020/NodeJS/Capstone/My-Portiforial-Server/routers/blogs.routes.js","statementMap":{"0":{"start":{"line":1,"column":16},"end":{"line":1,"column":34}},"1":{"start":{"line":2,"column":15},"end":{"line":2,"column":31}},"2":{"start":{"line":3,"column":24},"end":{"line":3,"column":54}},"3":{"start":{"line":4,"column":80},"end":{"line":4,"column":122}},"4":{"start":{"line":8,"column":30},"end":{"line":8,"column":76}},"5":{"start":{"line":10,"column":0},"end":{"line":10,"column":73}},"6":{"start":{"line":12,"column":0},"end":{"line":12,"column":33}},"7":{"start":{"line":14,"column":0},"end":{"line":14,"column":39}},"8":{"start":{"line":16,"column":0},"end":{"line":16,"column":58}},"9":{"start":{"line":18,"column":0},"end":{"line":18,"column":58}},"10":{"start":{"line":20,"column":0},"end":{"line":20,"column":54}},"11":{"start":{"line":25,"column":0},"end":{"line":25,"column":24}}},"fnMap":{},"branchMap":{},"s":{"0":2,"1":2,"2":2,"3":2,"4":2,"5":2,"6":2,"7":2,"8":2,"9":2,"10":2,"11":2},"f":{},"b":{},"_coverageSchema":"1a1c01bbd47fc00a2c39e90264f33305004495a9","hash":"9a60e3bcb3f3e232212bdcd376f7c3fb95936589"}
,"/home/patrick/Desktop/2020/NodeJS/Capstone/My-Portiforial-Server/routers/comments.router.js": {"path":"/home/patrick/Desktop/2020/NodeJS/Capstone/My-Portiforial-Server/routers/comments.router.js","statementMap":{"0":{"start":{"line":1,"column":16},"end":{"line":1,"column":34}},"1":{"start":{"line":2,"column":15},"end":{"line":2,"column":31}},"2":{"start":{"line":3,"column":35},"end":{"line":3,"column":80}},"3":{"start":{"line":4,"column":16},"end":{"line":4,"column":47}},"4":{"start":{"line":5,"column":23},"end":{"line":5,"column":53}},"5":{"start":{"line":7,"column":0},"end":{"line":7,"column":65}},"6":{"start":{"line":8,"column":0},"end":{"line":8,"column":51}},"7":{"start":{"line":10,"column":0},"end":{"line":10,"column":24}}},"fnMap":{},"branchMap":{},"s":{"0":2,"1":2,"2":2,"3":2,"4":2,"5":2,"6":2,"7":2},"f":{},"b":{},"_coverageSchema":"1a1c01bbd47fc00a2c39e90264f33305004495a9","hash":"cc16200fffbbadab9bfca37dfac1ec192c894bc8"}
,"/home/patrick/Desktop/2020/NodeJS/Capstone/My-Portiforial-Server/routers/inquiries.routes.js": {"path":"/home/patrick/Desktop/2020/NodeJS/Capstone/My-Portiforial-Server/routers/inquiries.routes.js","statementMap":{"0":{"start":{"line":1,"column":16},"end":{"line":1,"column":34}},"1":{"start":{"line":2,"column":15},"end":{"line":2,"column":31}},"2":{"start":{"line":4,"column":0},"end":{"line":4,"column":46}},"3":{"start":{"line":5,"column":16},"end":{"line":5,"column":47}},"4":{"start":{"line":7,"column":0},"end":{"line":7,"column":41}},"5":{"start":{"line":8,"column":0},"end":{"line":8,"column":52}},"6":{"start":{"line":9,"column":0},"end":{"line":9,"column":62}},"7":{"start":{"line":10,"column":0},"end":{"line":10,"column":57}},"8":{"start":{"line":11,"column":0},"end":{"line":11,"column":78}},"9":{"start":{"line":14,"column":0},"end":{"line":14,"column":24}}},"fnMap":{},"branchMap":{},"s":{"0":2,"1":2,"2":2,"3":2,"4":2,"5":2,"6":2,"7":2,"8":2,"9":2},"f":{},"b":{},"_coverageSchema":"1a1c01bbd47fc00a2c39e90264f33305004495a9","hash":"760f7e46d312fd2066537cf27346f99d101369e3"}
,"/home/patrick/Desktop/2020/NodeJS/Capstone/My-Portiforial-Server/routers/user.router.js": {"path":"/home/patrick/Desktop/2020/NodeJS/Capstone/My-Portiforial-Server/routers/user.router.js","statementMap":{"0":{"start":{"line":2,"column":17},"end":{"line":2,"column":35}},"1":{"start":{"line":3,"column":15},"end":{"line":3,"column":31}},"2":{"start":{"line":4,"column":23},"end":{"line":4,"column":53}},"3":{"start":{"line":5,"column":16},"end":{"line":5,"column":47}},"4":{"start":{"line":6,"column":70},"end":{"line":6,"column":111}},"5":{"start":{"line":7,"column":41},"end":{"line":7,"column":90}},"6":{"start":{"line":10,"column":0},"end":{"line":10,"column":55}},"7":{"start":{"line":12,"column":0},"end":{"line":12,"column":45}},"8":{"start":{"line":14,"column":0},"end":{"line":14,"column":34}},"9":{"start":{"line":16,"column":0},"end":{"line":16,"column":71}},"10":{"start":{"line":18,"column":0},"end":{"line":18,"column":63}},"11":{"start":{"line":20,"column":0},"end":{"line":20,"column":24}}},"fnMap":{},"branchMap":{},"s":{"0":2,"1":2,"2":2,"3":2,"4":2,"5":2,"6":2,"7":2,"8":2,"9":2,"10":2,"11":2},"f":{},"b":{},"_coverageSchema":"1a1c01bbd47fc00a2c39e90264f33305004495a9","hash":"a8dfb9bfffc546ba50fca4ba48bdf828a7986e3e"}
,"/home/patrick/Desktop/2020/NodeJS/Capstone/My-Portiforial-Server/tests/toTest/quotient.js": {"path":"/home/patrick/Desktop/2020/NodeJS/Capstone/My-Portiforial-Server/tests/toTest/quotient.js","statementMap":{"0":{"start":{"line":1,"column":0},"end":{"line":3,"column":1}},"1":{"start":{"line":2,"column":4},"end":{"line":2,"column":21}}},"fnMap":{"0":{"name":"(anonymous_0)","decl":{"start":{"line":1,"column":19},"end":{"line":1,"column":20}},"loc":{"start":{"line":1,"column":34},"end":{"line":3,"column":1}},"line":1}},"branchMap":{},"s":{"0":1,"1":1},"f":{"0":1},"b":{},"_coverageSchema":"1a1c01bbd47fc00a2c39e90264f33305004495a9","hash":"fadc3e62c36afd8f9223f34c003c3347d6c3dbea"}
,"/home/patrick/Desktop/2020/NodeJS/Capstone/My-Portiforial-Server/utils/auth.currentUser.js": {"path":"/home/patrick/Desktop/2020/NodeJS/Capstone/My-Portiforial-Server/utils/auth.currentUser.js","statementMap":{"0":{"start":{"line":1,"column":12},"end":{"line":1,"column":35}},"1":{"start":{"line":2,"column":15},"end":{"line":2,"column":32}},"2":{"start":{"line":5,"column":17},"end":{"line":5,"column":37}},"3":{"start":{"line":6,"column":4},"end":{"line":6,"column":101}},"4":{"start":{"line":6,"column":16},"end":{"line":6,"column":101}},"5":{"start":{"line":8,"column":4},"end":{"line":21,"column":5}},"6":{"start":{"line":9,"column":23},"end":{"line":9,"column":70}},"7":{"start":{"line":10,"column":21},"end":{"line":10,"column":27}},"8":{"start":{"line":11,"column":8},"end":{"line":16,"column":9}},"9":{"start":{"line":12,"column":11},"end":{"line":12,"column":23}},"10":{"start":{"line":15,"column":12},"end":{"line":15,"column":88}},"11":{"start":{"line":20,"column":8},"end":{"line":20,"column":58}},"12":{"start":{"line":24,"column":0},"end":{"line":24,"column":29}}},"fnMap":{"0":{"name":"currentUser","decl":{"start":{"line":4,"column":9},"end":{"line":4,"column":20}},"loc":{"start":{"line":4,"column":29},"end":{"line":22,"column":1}},"line":4}},"branchMap":{"0":{"loc":{"start":{"line":6,"column":4},"end":{"line":6,"column":101}},"type":"if","locations":[{"start":{"line":6,"column":4},"end":{"line":6,"column":101}},{"start":{"line":6,"column":4},"end":{"line":6,"column":101}}],"line":6},"1":{"loc":{"start":{"line":11,"column":8},"end":{"line":16,"column":9}},"type":"if","locations":[{"start":{"line":11,"column":8},"end":{"line":16,"column":9}},{"start":{"line":11,"column":8},"end":{"line":16,"column":9}}],"line":11}},"s":{"0":2,"1":2,"2":0,"3":0,"4":0,"5":0,"6":0,"7":0,"8":0,"9":0,"10":0,"11":0,"12":2},"f":{"0":0},"b":{"0":[0,0],"1":[0,0]},"_coverageSchema":"1a1c01bbd47fc00a2c39e90264f33305004495a9","hash":"00d683e8bcaa199251e216b827447a7f89ebfdd9"}
,"/home/patrick/Desktop/2020/NodeJS/Capstone/My-Portiforial-Server/utils/date.js": {"path":"/home/patrick/Desktop/2020/NodeJS/Capstone/My-Portiforial-Server/utils/date.js","statementMap":{"0":{"start":{"line":3,"column":15},"end":{"line":3,"column":25}},"1":{"start":{"line":4,"column":16},"end":{"line":4,"column":77}},"2":{"start":{"line":5,"column":4},"end":{"line":5,"column":17}},"3":{"start":{"line":8,"column":0},"end":{"line":8,"column":31}}},"fnMap":{"0":{"name":"getCurrentDate","decl":{"start":{"line":1,"column":9},"end":{"line":1,"column":23}},"loc":{"start":{"line":1,"column":25},"end":{"line":6,"column":1}},"line":1}},"branchMap":{},"s":{"0":1,"1":1,"2":1,"3":2},"f":{"0":1},"b":{},"_coverageSchema":"1a1c01bbd47fc00a2c39e90264f33305004495a9","hash":"e3b4ca691378fa7516e1e4750b12cfab955d9635"}
,"/home/patrick/Desktop/2020/NodeJS/Capstone/My-Portiforial-Server/utils/getBlog.js": {"path":"/home/patrick/Desktop/2020/NodeJS/Capstone/My-Portiforial-Server/utils/getBlog.js","statementMap":{"0":{"start":{"line":1,"column":15},"end":{"line":1,"column":47}},"1":{"start":{"line":3,"column":0},"end":{"line":5,"column":1}},"2":{"start":{"line":4,"column":4},"end":{"line":4,"column":45}}},"fnMap":{"0":{"name":"(anonymous_0)","decl":{"start":{"line":3,"column":25},"end":{"line":3,"column":26}},"loc":{"start":{"line":3,"column":42},"end":{"line":5,"column":1}},"line":3}},"branchMap":{},"s":{"0":2,"1":2,"2":0},"f":{"0":0},"b":{},"_coverageSchema":"1a1c01bbd47fc00a2c39e90264f33305004495a9","hash":"ad7090dc10113a3c207b01ee332e61aea9176ef5"}
,"/home/patrick/Desktop/2020/NodeJS/Capstone/My-Portiforial-Server/utils/hassPassword.js": {"path":"/home/patrick/Desktop/2020/NodeJS/Capstone/My-Portiforial-Server/utils/hassPassword.js","statementMap":{"0":{"start":{"line":1,"column":15},"end":{"line":1,"column":32}},"1":{"start":{"line":3,"column":15},"end":{"line":3,"column":38}},"2":{"start":{"line":4,"column":4},"end":{"line":4,"column":38}},"3":{"start":{"line":6,"column":0},"end":{"line":6,"column":30}}},"fnMap":{"0":{"name":"hashpassword","decl":{"start":{"line":2,"column":15},"end":{"line":2,"column":27}},"loc":{"start":{"line":2,"column":37},"end":{"line":5,"column":1}},"line":2}},"branchMap":{},"s":{"0":2,"1":1,"2":1,"3":2},"f":{"0":1},"b":{},"_coverageSchema":"1a1c01bbd47fc00a2c39e90264f33305004495a9","hash":"cff0249c98682f0c92c4722e75b16fa4f49f498e"}
,"/home/patrick/Desktop/2020/NodeJS/Capstone/My-Portiforial-Server/utils/jwtSigner.js": {"path":"/home/patrick/Desktop/2020/NodeJS/Capstone/My-Portiforial-Server/utils/jwtSigner.js","statementMap":{"0":{"start":{"line":1,"column":15},"end":{"line":1,"column":32}},"1":{"start":{"line":2,"column":12},"end":{"line":2,"column":35}},"2":{"start":{"line":3,"column":17},"end":{"line":3,"column":49}},"3":{"start":{"line":6,"column":4},"end":{"line":6,"column":31}},"4":{"start":{"line":7,"column":16},"end":{"line":7,"column":58}},"5":{"start":{"line":8,"column":4},"end":{"line":8,"column":17}},"6":{"start":{"line":11,"column":0},"end":{"line":11,"column":27}}},"fnMap":{"0":{"name":"jwtSigner","decl":{"start":{"line":5,"column":9},"end":{"line":5,"column":18}},"loc":{"start":{"line":5,"column":24},"end":{"line":9,"column":1}},"line":5}},"branchMap":{},"s":{"0":2,"1":2,"2":2,"3":0,"4":0,"5":0,"6":2},"f":{"0":0},"b":{},"_coverageSchema":"1a1c01bbd47fc00a2c39e90264f33305004495a9","hash":"ac176c01a950fde7a644694e3266f2133cdca919"}
,"/home/patrick/Desktop/2020/NodeJS/Capstone/My-Portiforial-Server/utils/uniqueId.js": {"path":"/home/patrick/Desktop/2020/NodeJS/Capstone/My-Portiforial-Server/utils/uniqueId.js","statementMap":{"0":{"start":{"line":2,"column":13},"end":{"line":2,"column":33}},"1":{"start":{"line":3,"column":15},"end":{"line":7,"column":6}},"2":{"start":{"line":4,"column":16},"end":{"line":4,"column":46}},"3":{"start":{"line":5,"column":8},"end":{"line":5,"column":31}},"4":{"start":{"line":6,"column":8},"end":{"line":6,"column":54}},"5":{"start":{"line":8,"column":4},"end":{"line":8,"column":16}},"6":{"start":{"line":10,"column":0},"end":{"line":10,"column":38}}},"fnMap":{"0":{"name":"create_UUID","decl":{"start":{"line":1,"column":9},"end":{"line":1,"column":20}},"loc":{"start":{"line":1,"column":22},"end":{"line":9,"column":1}},"line":1},"1":{"name":"(anonymous_1)","decl":{"start":{"line":3,"column":71},"end":{"line":3,"column":72}},"loc":{"start":{"line":3,"column":83},"end":{"line":7,"column":5}},"line":3}},"branchMap":{"0":{"loc":{"start":{"line":6,"column":16},"end":{"line":6,"column":39}},"type":"cond-expr","locations":[{"start":{"line":6,"column":25},"end":{"line":6,"column":26}},{"start":{"line":6,"column":29},"end":{"line":6,"column":38}}],"line":6}},"s":{"0":0,"1":0,"2":0,"3":0,"4":0,"5":0,"6":2},"f":{"0":0,"1":0},"b":{"0":[0,0]},"_coverageSchema":"1a1c01bbd47fc00a2c39e90264f33305004495a9","hash":"8c3261eab322cde3058e4dc165e6bf962a143cd9"}
}
