{"/home/patrick/Desktop/2020/NodeJS/Capstone/My-Portiforial-Server/tests/toTest/quotient.js": {"path":"/home/patrick/Desktop/2020/NodeJS/Capstone/My-Portiforial-Server/tests/toTest/quotient.js","statementMap":{"0":{"start":{"line":1,"column":0},"end":{"line":3,"column":1}},"1":{"start":{"line":2,"column":4},"end":{"line":2,"column":21}}},"fnMap":{"0":{"name":"(anonymous_0)","decl":{"start":{"line":1,"column":19},"end":{"line":1,"column":20}},"loc":{"start":{"line":1,"column":34},"end":{"line":3,"column":1}},"line":1}},"branchMap":{},"s":{"0":1,"1":1},"f":{"0":1},"b":{},"_coverageSchema":"1a1c01bbd47fc00a2c39e90264f33305004495a9","hash":"fadc3e62c36afd8f9223f34c003c3347d6c3dbea"}
}
