TN:
SF:app.js
FN:17,(anonymous_0)
FNF:1
FNH:1
FNDA:1,(anonymous_0)
DA:1,4
DA:2,4
DA:3,4
DA:4,4
DA:5,4
DA:6,4
DA:7,4
DA:8,4
DA:9,4
DA:10,4
DA:12,4
DA:13,4
DA:14,4
DA:15,4
DA:16,4
DA:17,4
DA:18,1
DA:20,4
DA:21,4
DA:22,4
DA:23,4
DA:24,4
DA:26,4
LF:23
LH:23
BRF:0
BRH:0
end_of_record
TN:
SF:controllers/blogs.controller.js
FN:12,(anonymous_0)
FN:15,(anonymous_1)
FN:26,(anonymous_2)
FN:35,(anonymous_3)
FN:36,(anonymous_4)
FN:52,(anonymous_5)
FN:57,(anonymous_6)
FN:60,(anonymous_7)
FN:61,(anonymous_8)
FN:85,(anonymous_9)
FN:86,(anonymous_10)
FN:87,(anonymous_11)
FN:105,(anonymous_12)
FN:137,(anonymous_13)
FN:153,(anonymous_14)
FN:158,(anonymous_15)
FN:180,(anonymous_16)
FN:194,(anonymous_17)
FN:199,(anonymous_18)
FN:201,(anonymous_19)
FN:216,(anonymous_20)
FN:228,(anonymous_21)
FNF:22
FNH:5
FNDA:0,(anonymous_0)
FNDA:0,(anonymous_1)
FNDA:0,(anonymous_2)
FNDA:0,(anonymous_3)
FNDA:0,(anonymous_4)
FNDA:0,(anonymous_5)
FNDA:1,(anonymous_6)
FNDA:2,(anonymous_7)
FNDA:2,(anonymous_8)
FNDA:1,(anonymous_9)
FNDA:1,(anonymous_10)
FNDA:0,(anonymous_11)
FNDA:0,(anonymous_12)
FNDA:0,(anonymous_13)
FNDA:0,(anonymous_14)
FNDA:0,(anonymous_15)
FNDA:0,(anonymous_16)
FNDA:0,(anonymous_17)
FNDA:0,(anonymous_18)
FNDA:0,(anonymous_19)
FNDA:0,(anonymous_20)
FNDA:0,(anonymous_21)
DA:1,4
DA:2,4
DA:3,4
DA:4,4
DA:5,4
DA:6,4
DA:7,4
DA:9,4
DA:11,4
DA:13,0
DA:16,0
DA:19,4
DA:23,4
DA:26,4
DA:27,0
DA:28,0
DA:30,0
DA:31,0
DA:32,0
DA:33,0
DA:35,0
DA:36,0
DA:37,0
DA:53,0
DA:57,4
DA:58,1
DA:59,1
DA:60,1
DA:61,2
DA:62,2
DA:74,2
DA:75,1
DA:85,4
DA:86,1
DA:87,1
DA:88,0
DA:105,4
DA:106,0
DA:108,0
DA:109,0
DA:112,0
DA:120,0
DA:121,0
DA:122,0
DA:129,0
DA:137,0
DA:138,0
DA:154,0
DA:158,4
DA:159,0
DA:162,0
DA:164,0
DA:171,0
DA:172,0
DA:173,0
DA:180,0
DA:181,0
DA:195,0
DA:199,4
DA:201,0
DA:202,0
DA:203,0
DA:205,0
DA:209,0
DA:210,0
DA:216,4
DA:217,0
DA:218,0
DA:219,0
DA:220,0
DA:228,0
DA:229,0
DA:239,0
DA:240,0
LF:74
LH:27
BRDA:74,0,0,1
BRDA:74,0,1,1
BRDA:121,1,0,0
BRDA:121,1,1,0
BRDA:121,2,0,0
BRDA:121,2,1,0
BRDA:164,3,0,0
BRDA:164,3,1,0
BRDA:172,4,0,0
BRDA:172,4,1,0
BRDA:172,5,0,0
BRDA:172,5,1,0
BRDA:202,6,0,0
BRDA:202,6,1,0
BRF:14
BRH:2
end_of_record
TN:
SF:controllers/comments.controller.js
FN:7,(anonymous_0)
FN:18,(anonymous_1)
FN:36,(anonymous_2)
FN:39,(anonymous_3)
FN:41,(anonymous_4)
FN:43,(anonymous_5)
FN:45,(anonymous_6)
FNF:7
FNH:0
FNDA:0,(anonymous_0)
FNDA:0,(anonymous_1)
FNDA:0,(anonymous_2)
FNDA:0,(anonymous_3)
FNDA:0,(anonymous_4)
FNDA:0,(anonymous_5)
FNDA:0,(anonymous_6)
DA:1,4
DA:2,4
DA:3,4
DA:4,4
DA:5,4
DA:7,4
DA:8,0
DA:9,0
DA:11,0
DA:12,0
DA:13,0
DA:14,0
DA:15,0
DA:16,0
DA:17,0
DA:18,0
DA:19,0
DA:28,0
DA:36,4
DA:37,0
DA:38,0
DA:39,0
DA:40,0
DA:41,0
DA:42,0
DA:43,0
DA:44,0
DA:45,0
DA:47,0
DA:61,0
DA:62,0
LF:31
LH:7
BRDA:61,0,0,0
BRDA:61,0,1,0
BRF:2
BRH:0
end_of_record
TN:
SF:controllers/inquiries.controller.js
FN:6,(anonymous_0)
FN:20,(anonymous_1)
FN:27,(anonymous_2)
FN:37,(anonymous_3)
FN:38,(anonymous_4)
FN:44,(anonymous_5)
FN:53,(anonymous_6)
FN:56,(anonymous_7)
FN:62,(anonymous_8)
FN:71,(anonymous_9)
FN:74,(anonymous_10)
FN:80,(anonymous_11)
FN:89,(anonymous_12)
FN:121,(anonymous_13)
FN:136,(anonymous_14)
FNF:15
FNH:0
FNDA:0,(anonymous_0)
FNDA:0,(anonymous_1)
FNDA:0,(anonymous_2)
FNDA:0,(anonymous_3)
FNDA:0,(anonymous_4)
FNDA:0,(anonymous_5)
FNDA:0,(anonymous_6)
FNDA:0,(anonymous_7)
FNDA:0,(anonymous_8)
FNDA:0,(anonymous_9)
FNDA:0,(anonymous_10)
FNDA:0,(anonymous_11)
FNDA:0,(anonymous_12)
FNDA:0,(anonymous_13)
FNDA:0,(anonymous_14)
DA:1,4
DA:2,4
DA:3,4
DA:6,4
DA:8,0
DA:15,0
DA:16,0
DA:17,0
DA:18,0
DA:19,0
DA:20,0
DA:21,0
DA:28,0
DA:37,4
DA:38,0
DA:39,0
DA:45,0
DA:53,4
DA:54,0
DA:56,0
DA:57,0
DA:63,0
DA:71,4
DA:72,0
DA:74,0
DA:75,0
DA:81,0
DA:89,4
DA:90,0
DA:91,0
DA:93,0
DA:94,0
DA:98,0
DA:105,0
DA:106,0
DA:113,0
DA:121,0
DA:122,0
DA:137,0
LF:39
LH:8
BRDA:105,0,0,0
BRDA:105,0,1,0
BRDA:105,1,0,0
BRDA:105,1,1,0
BRF:4
BRH:0
end_of_record
TN:
SF:controllers/user.controller.js
FN:9,(anonymous_0)
FN:28,(anonymous_1)
FN:57,(anonymous_2)
FN:58,(anonymous_3)
FN:63,(anonymous_4)
FN:86,(anonymous_5)
FN:110,(anonymous_6)
FN:124,(anonymous_7)
FN:131,(anonymous_8)
FNF:9
FNH:2
FNDA:2,(anonymous_0)
FNDA:2,(anonymous_1)
FNDA:0,(anonymous_2)
FNDA:0,(anonymous_3)
FNDA:0,(anonymous_4)
FNDA:0,(anonymous_5)
FNDA:0,(anonymous_6)
FNDA:0,(anonymous_7)
FNDA:0,(anonymous_8)
DA:1,4
DA:2,4
DA:3,4
DA:4,4
DA:5,4
DA:6,4
DA:7,4
DA:9,4
DA:10,2
DA:11,2
DA:13,1
DA:14,1
DA:15,1
DA:16,1
DA:18,1
DA:19,1
DA:28,4
DA:29,2
DA:31,2
DA:32,2
DA:39,0
DA:40,0
DA:41,0
DA:47,0
DA:48,0
DA:57,4
DA:58,0
DA:59,0
DA:63,4
DA:64,0
DA:66,0
DA:68,0
DA:69,0
DA:76,0
DA:78,0
DA:79,0
DA:86,0
DA:87,0
DA:102,0
DA:110,4
DA:111,0
DA:112,0
DA:114,0
DA:115,0
DA:116,0
DA:124,0
DA:125,0
DA:126,0
DA:132,0
DA:141,0
LF:50
LH:23
BRDA:11,0,0,1
BRDA:11,0,1,1
BRDA:31,1,0,2
BRDA:31,1,1,0
BRDA:40,2,0,0
BRDA:40,2,1,0
BRDA:68,3,0,0
BRDA:68,3,1,0
BRDA:68,4,0,0
BRDA:68,4,1,0
BRF:10
BRH:3
end_of_record
TN:
SF:helper/validators/blog.validator.js
FN:8,(anonymous_0)
FNF:1
FNH:0
FNDA:0,(anonymous_0)
DA:1,4
DA:3,4
DA:8,4
DA:9,0
DA:10,0
DA:16,0
LF:6
LH:3
BRDA:10,0,0,0
BRDA:10,0,1,0
BRF:2
BRH:0
end_of_record
TN:
SF:helper/validators/inquiry.validator.js
FNF:0
FNH:0
LF:0
LH:0
BRF:0
BRH:0
end_of_record
TN:
SF:helper/validators/users.validators..js
FN:14,(anonymous_0)
FN:25,(anonymous_1)
FNF:2
FNH:2
FNDA:5,(anonymous_0)
FNDA:2,(anonymous_1)
DA:1,4
DA:3,4
DA:9,4
DA:14,4
DA:15,5
DA:16,5
DA:22,2
DA:25,4
DA:26,2
DA:27,2
DA:33,2
LF:11
LH:11
BRDA:16,0,0,3
BRDA:16,0,1,2
BRDA:27,1,0,0
BRDA:27,1,1,2
BRF:4
BRH:3
end_of_record
TN:
SF:middlewares/admin.js
FN:3,isAdmin
FNF:1
FNH:0
FNDA:0,isAdmin
DA:1,4
DA:2,4
DA:4,0
DA:5,0
DA:7,0
DA:8,0
DA:9,0
DA:10,0
DA:11,0
DA:12,0
DA:15,0
DA:20,0
DA:25,0
DA:28,4
LF:14
LH:3
BRDA:5,0,0,0
BRDA:5,0,1,0
BRDA:10,1,0,0
BRDA:10,1,1,0
BRDA:11,2,0,0
BRDA:11,2,1,0
BRF:6
BRH:0
end_of_record
TN:
SF:middlewares/auth.js
FN:4,auth
FNF:1
FNH:0
FNDA:0,auth
DA:1,4
DA:2,4
DA:5,0
DA:6,0
DA:8,0
DA:9,0
DA:10,0
DA:11,0
DA:12,0
DA:15,0
DA:20,0
DA:24,4
LF:12
LH:3
BRDA:6,0,0,0
BRDA:6,0,1,0
BRDA:11,1,0,0
BRDA:11,1,1,0
BRF:4
BRH:0
end_of_record
TN:
SF:modals/blogs.modal.js
FNF:0
FNH:0
DA:1,4
DA:2,4
DA:28,4
DA:29,4
LF:4
LH:4
BRF:0
BRH:0
end_of_record
TN:
SF:modals/comments.modal.js
FNF:0
FNH:0
DA:1,4
DA:2,4
DA:25,4
DA:26,4
LF:4
LH:4
BRF:0
BRH:0
end_of_record
TN:
SF:modals/db.js
FN:14,(anonymous_0)
FN:15,(anonymous_1)
FNF:2
FNH:1
FNDA:3,(anonymous_0)
FNDA:0,(anonymous_1)
DA:1,4
DA:2,4
DA:3,4
DA:4,4
DA:5,4
DA:6,4
DA:8,4
DA:10,4
DA:14,3
DA:15,0
DA:17,4
DA:18,4
DA:19,4
DA:20,4
LF:14
LH:13
BRF:0
BRH:0
end_of_record
TN:
SF:modals/inquiry.modal.js
FNF:0
FNH:0
DA:1,4
DA:2,4
DA:26,4
DA:27,4
LF:4
LH:4
BRF:0
BRH:0
end_of_record
TN:
SF:modals/users.modal.js
FNF:0
FNH:0
DA:1,4
DA:2,4
DA:27,4
DA:28,4
LF:4
LH:4
BRF:0
BRH:0
end_of_record
TN:
SF:routers/blogs.routes.js
FNF:0
FNH:0
DA:1,4
DA:2,4
DA:3,4
DA:4,4
DA:8,4
DA:10,4
DA:12,4
DA:14,4
DA:16,4
DA:18,4
DA:20,4
DA:25,4
LF:12
LH:12
BRF:0
BRH:0
end_of_record
TN:
SF:routers/comments.router.js
FNF:0
FNH:0
DA:1,4
DA:2,4
DA:3,4
DA:4,4
DA:5,4
DA:7,4
DA:8,4
DA:10,4
LF:8
LH:8
BRF:0
BRH:0
end_of_record
TN:
SF:routers/inquiries.routes.js
FNF:0
FNH:0
DA:1,4
DA:2,4
DA:4,4
DA:5,4
DA:7,4
DA:8,4
DA:9,4
DA:10,4
DA:11,4
DA:14,4
LF:10
LH:10
BRF:0
BRH:0
end_of_record
TN:
SF:routers/user.router.js
FNF:0
FNH:0
DA:2,4
DA:3,4
DA:4,4
DA:5,4
DA:6,4
DA:7,4
DA:10,4
DA:12,4
DA:14,4
DA:16,4
DA:18,4
DA:20,4
LF:12
LH:12
BRF:0
BRH:0
end_of_record
TN:
SF:tests/toTest/quotient.js
FN:1,(anonymous_0)
FNF:1
FNH:1
FNDA:1,(anonymous_0)
DA:1,1
DA:2,1
LF:2
LH:2
BRF:0
BRH:0
end_of_record
TN:
SF:utils/auth.currentUser.js
FN:4,currentUser
FNF:1
FNH:0
FNDA:0,currentUser
DA:1,4
DA:2,4
DA:5,0
DA:6,0
DA:8,0
DA:9,0
DA:10,0
DA:11,0
DA:12,0
DA:15,0
DA:20,0
DA:24,4
LF:12
LH:3
BRDA:6,0,0,0
BRDA:6,0,1,0
BRDA:11,1,0,0
BRDA:11,1,1,0
BRF:4
BRH:0
end_of_record
TN:
SF:utils/date.js
FN:1,getCurrentDate
FNF:1
FNH:1
FNDA:1,getCurrentDate
DA:3,1
DA:4,1
DA:5,1
DA:8,4
LF:4
LH:4
BRF:0
BRH:0
end_of_record
TN:
SF:utils/getBlog.js
FN:3,(anonymous_0)
FNF:1
FNH:0
FNDA:0,(anonymous_0)
DA:1,4
DA:3,4
DA:4,0
LF:3
LH:2
BRF:0
BRH:0
end_of_record
TN:
SF:utils/hassPassword.js
FN:2,hashpassword
FNF:1
FNH:1
FNDA:1,hashpassword
DA:1,4
DA:3,1
DA:4,1
DA:6,4
LF:4
LH:4
BRF:0
BRH:0
end_of_record
TN:
SF:utils/jwtSigner.js
FN:5,jwtSigner
FNF:1
FNH:0
FNDA:0,jwtSigner
DA:1,4
DA:2,4
DA:3,4
DA:6,0
DA:7,0
DA:8,0
DA:11,4
LF:7
LH:4
BRF:0
BRH:0
end_of_record
TN:
SF:utils/uniqueId.js
FN:1,create_UUID
FN:3,(anonymous_1)
FNF:2
FNH:0
FNDA:0,create_UUID
FNDA:0,(anonymous_1)
DA:2,0
DA:3,0
DA:4,0
DA:5,0
DA:6,0
DA:8,0
DA:10,4
LF:7
LH:1
BRDA:6,0,0,0
BRDA:6,0,1,0
BRF:2
BRH:0
end_of_record
